<?xml version="1.0" encoding="UTF-8"?>
<robot generator="Robot 5.0.1 (Python 3.9.13 on win32)" generated="20230910 13:16:59.737" rpa="false" schemaversion="3">
<suite id="s1" name="Saucedemo" source="g:\Robot Framework\PickNDrop_RobotFramework\testcases\saucedemo.robot">
<test id="s1-t1" name="User can login to the website" line="15">
<kw name="Begin Testing" library="SauceDemo_Keywords" type="SETUP">
<kw name="Open Browser" library="SeleniumLibrary">
<arg>about:blank</arg>
<arg>chrome</arg>
<doc>Opens a new browser instance to the optional ``url``.</doc>
<msg timestamp="20230910 13:17:00.015" level="INFO">Opening browser 'chrome' to base url 'about:blank'.</msg>
<status status="PASS" starttime="20230910 13:17:00.014" endtime="20230910 13:17:01.613"/>
</kw>
<kw name="Maximize Browser Window" library="SeleniumLibrary">
<doc>Maximizes current browser window.</doc>
<status status="PASS" starttime="20230910 13:17:01.614" endtime="20230910 13:17:01.733"/>
</kw>
<kw name="Sleep" library="BuiltIn">
<arg>3seconds</arg>
<doc>Pauses the test executed for the given time.</doc>
<msg timestamp="20230910 13:17:04.749" level="INFO">Slept 3 seconds</msg>
<status status="PASS" starttime="20230910 13:17:01.734" endtime="20230910 13:17:04.749"/>
</kw>
<status status="PASS" starttime="20230910 13:17:00.013" endtime="20230910 13:17:04.749"/>
</kw>
<kw name="Login" library="SauceDemo_Keywords">
<kw name="Go To" library="SeleniumLibrary">
<arg>https://www.saucedemo.com/</arg>
<doc>Navigates the current browser window to the provided ``url``.</doc>
<msg timestamp="20230910 13:17:04.751" level="INFO">Opening url 'https://www.saucedemo.com/'</msg>
<status status="PASS" starttime="20230910 13:17:04.751" endtime="20230910 13:17:11.665"/>
</kw>
<kw name="Input Text" library="SeleniumLibrary">
<arg>user-name</arg>
<arg>standard_user</arg>
<doc>Types the given ``text`` into the text field identified by ``locator``.</doc>
<msg timestamp="20230910 13:17:11.666" level="INFO">Typing text 'standard_user' into text field 'user-name'.</msg>
<status status="PASS" starttime="20230910 13:17:11.665" endtime="20230910 13:17:11.781"/>
</kw>
<kw name="Input Text" library="SeleniumLibrary">
<arg>password</arg>
<arg>secret_sauce</arg>
<doc>Types the given ``text`` into the text field identified by ``locator``.</doc>
<msg timestamp="20230910 13:17:11.782" level="INFO">Typing text 'secret_sauce' into text field 'password'.</msg>
<status status="PASS" starttime="20230910 13:17:11.782" endtime="20230910 13:17:11.860"/>
</kw>
<kw name="Click Element" library="SeleniumLibrary">
<arg>login-button</arg>
<doc>Click the element identified by ``locator``.</doc>
<msg timestamp="20230910 13:17:11.860" level="INFO">Clicking element 'login-button'.</msg>
<status status="PASS" starttime="20230910 13:17:11.860" endtime="20230910 13:17:11.948"/>
</kw>
<kw name="Wait Until Page Contains" library="SeleniumLibrary">
<arg>Swag Labs</arg>
<doc>Waits until ``text`` appears on the current page.</doc>
<status status="PASS" starttime="20230910 13:17:11.949" endtime="20230910 13:17:11.962"/>
</kw>
<kw name="Sleep" library="BuiltIn">
<arg>3seconds</arg>
<doc>Pauses the test executed for the given time.</doc>
<msg timestamp="20230910 13:17:14.973" level="INFO">Slept 3 seconds</msg>
<status status="PASS" starttime="20230910 13:17:11.962" endtime="20230910 13:17:14.973"/>
</kw>
<status status="PASS" starttime="20230910 13:17:04.750" endtime="20230910 13:17:14.973"/>
</kw>
<kw name="End Web Test" library="SauceDemo_Keywords" type="TEARDOWN">
<kw name="Close Browser" library="SeleniumLibrary">
<doc>Closes the current browser.</doc>
<status status="PASS" starttime="20230910 13:17:14.973" endtime="20230910 13:17:17.223"/>
</kw>
<status status="PASS" starttime="20230910 13:17:14.973" endtime="20230910 13:17:17.223"/>
</kw>
<status status="PASS" starttime="20230910 13:17:00.012" endtime="20230910 13:17:17.223"/>
</test>
<test id="s1-t2" name="User can add products to the Product" line="18">
<kw name="Begin Testing" library="SauceDemo_Keywords" type="SETUP">
<kw name="Open Browser" library="SeleniumLibrary">
<arg>about:blank</arg>
<arg>chrome</arg>
<doc>Opens a new browser instance to the optional ``url``.</doc>
<msg timestamp="20230910 13:17:17.223" level="INFO">Opening browser 'chrome' to base url 'about:blank'.</msg>
<status status="PASS" starttime="20230910 13:17:17.223" endtime="20230910 13:17:18.815"/>
</kw>
<kw name="Maximize Browser Window" library="SeleniumLibrary">
<doc>Maximizes current browser window.</doc>
<status status="PASS" starttime="20230910 13:17:18.815" endtime="20230910 13:17:18.931"/>
</kw>
<kw name="Sleep" library="BuiltIn">
<arg>3seconds</arg>
<doc>Pauses the test executed for the given time.</doc>
<msg timestamp="20230910 13:17:21.938" level="INFO">Slept 3 seconds</msg>
<status status="PASS" starttime="20230910 13:17:18.932" endtime="20230910 13:17:21.938"/>
</kw>
<status status="PASS" starttime="20230910 13:17:17.223" endtime="20230910 13:17:21.939"/>
</kw>
<kw name="Login" library="SauceDemo_Keywords">
<kw name="Go To" library="SeleniumLibrary">
<arg>https://www.saucedemo.com/</arg>
<doc>Navigates the current browser window to the provided ``url``.</doc>
<msg timestamp="20230910 13:17:21.939" level="INFO">Opening url 'https://www.saucedemo.com/'</msg>
<status status="PASS" starttime="20230910 13:17:21.939" endtime="20230910 13:17:30.176"/>
</kw>
<kw name="Input Text" library="SeleniumLibrary">
<arg>user-name</arg>
<arg>standard_user</arg>
<doc>Types the given ``text`` into the text field identified by ``locator``.</doc>
<msg timestamp="20230910 13:17:30.176" level="INFO">Typing text 'standard_user' into text field 'user-name'.</msg>
<status status="PASS" starttime="20230910 13:17:30.176" endtime="20230910 13:17:30.292"/>
</kw>
<kw name="Input Text" library="SeleniumLibrary">
<arg>password</arg>
<arg>secret_sauce</arg>
<doc>Types the given ``text`` into the text field identified by ``locator``.</doc>
<msg timestamp="20230910 13:17:30.292" level="INFO">Typing text 'secret_sauce' into text field 'password'.</msg>
<status status="PASS" starttime="20230910 13:17:30.292" endtime="20230910 13:17:30.372"/>
</kw>
<kw name="Click Element" library="SeleniumLibrary">
<arg>login-button</arg>
<doc>Click the element identified by ``locator``.</doc>
<msg timestamp="20230910 13:17:30.373" level="INFO">Clicking element 'login-button'.</msg>
<status status="PASS" starttime="20230910 13:17:30.372" endtime="20230910 13:17:30.460"/>
</kw>
<kw name="Wait Until Page Contains" library="SeleniumLibrary">
<arg>Swag Labs</arg>
<doc>Waits until ``text`` appears on the current page.</doc>
<status status="PASS" starttime="20230910 13:17:30.461" endtime="20230910 13:17:30.474"/>
</kw>
<kw name="Sleep" library="BuiltIn">
<arg>3seconds</arg>
<doc>Pauses the test executed for the given time.</doc>
<msg timestamp="20230910 13:17:33.478" level="INFO">Slept 3 seconds</msg>
<status status="PASS" starttime="20230910 13:17:30.474" endtime="20230910 13:17:33.478"/>
</kw>
<status status="PASS" starttime="20230910 13:17:21.939" endtime="20230910 13:17:33.478"/>
</kw>
<kw name="Add Product to Cart" library="SauceDemo_Keywords">
<kw name="Click Button" library="SeleniumLibrary">
<arg>add-to-cart-sauce-labs-backpack</arg>
<doc>Clicks the button identified by ``locator``.</doc>
<msg timestamp="20230910 13:17:33.478" level="INFO">Clicking button 'add-to-cart-sauce-labs-backpack'.</msg>
<status status="PASS" starttime="20230910 13:17:33.478" endtime="20230910 13:17:33.540"/>
</kw>
<kw name="Click Button" library="SeleniumLibrary">
<arg>add-to-cart-sauce-labs-onesie</arg>
<doc>Clicks the button identified by ``locator``.</doc>
<msg timestamp="20230910 13:17:33.540" level="INFO">Clicking button 'add-to-cart-sauce-labs-onesie'.</msg>
<status status="PASS" starttime="20230910 13:17:33.540" endtime="20230910 13:17:33.588"/>
</kw>
<kw name="Wait Until Page Contains" library="SeleniumLibrary">
<arg>Remove</arg>
<doc>Waits until ``text`` appears on the current page.</doc>
<status status="PASS" starttime="20230910 13:17:33.588" endtime="20230910 13:17:33.606"/>
</kw>
<kw name="Sleep" library="BuiltIn">
<arg>3seconds</arg>
<doc>Pauses the test executed for the given time.</doc>
<msg timestamp="20230910 13:17:36.620" level="INFO">Slept 3 seconds</msg>
<status status="PASS" starttime="20230910 13:17:33.606" endtime="20230910 13:17:36.620"/>
</kw>
<status status="PASS" starttime="20230910 13:17:33.478" endtime="20230910 13:17:36.620"/>
</kw>
<kw name="End Web Test" library="SauceDemo_Keywords" type="TEARDOWN">
<kw name="Close Browser" library="SeleniumLibrary">
<doc>Closes the current browser.</doc>
<status status="PASS" starttime="20230910 13:17:36.620" endtime="20230910 13:17:38.807"/>
</kw>
<status status="PASS" starttime="20230910 13:17:36.620" endtime="20230910 13:17:38.807"/>
</kw>
<status status="PASS" starttime="20230910 13:17:17.223" endtime="20230910 13:17:38.807"/>
</test>
<status status="PASS" starttime="20230910 13:16:59.746" endtime="20230910 13:17:38.807"/>
</suite>
<statistics>
<total>
<stat pass="2" fail="0" skip="0">All Tests</stat>
</total>
<tag>
</tag>
<suite>
<stat pass="2" fail="0" skip="0" id="s1" name="Saucedemo">Saucedemo</stat>
</suite>
</statistics>
<errors>
</errors>
</robot>
