<?xml version="1.0" encoding="UTF-8"?>
<robot generator="Robot 5.0.1 (Python 3.9.13 on win32)" generated="20230905 18:47:39.937" rpa="false" schemaversion="3">
<suite id="s1" name="Amazon" source="g:\Robot Framework\PickNDrop_RobotFramework\testcases\amazon.robot">
<test id="s1-t1" name="User must visit to the Website" line="8">
<kw name="Begin Testing" library="Amazon_Keywords">
<kw name="Open Browser" library="SeleniumLibrary">
<arg>about:blank</arg>
<arg>chrome</arg>
<doc>Opens a new browser instance to the optional ``url``.</doc>
<msg timestamp="20230905 18:47:40.306" level="INFO">Opening browser 'chrome' to base url 'about:blank'.</msg>
<status status="PASS" starttime="20230905 18:47:40.306" endtime="20230905 18:47:42.423"/>
</kw>
<kw name="Maximize Browser Window" library="SeleniumLibrary">
<doc>Maximizes current browser window.</doc>
<status status="PASS" starttime="20230905 18:47:42.423" endtime="20230905 18:47:42.551"/>
</kw>
<kw name="Sleep" library="BuiltIn">
<arg>3seconds</arg>
<doc>Pauses the test executed for the given time.</doc>
<msg timestamp="20230905 18:47:45.557" level="INFO">Slept 3 seconds</msg>
<status status="PASS" starttime="20230905 18:47:42.551" endtime="20230905 18:47:45.557"/>
</kw>
<status status="PASS" starttime="20230905 18:47:40.306" endtime="20230905 18:47:45.557"/>
</kw>
<status status="PASS" starttime="20230905 18:47:40.306" endtime="20230905 18:47:45.557"/>
</test>
<test id="s1-t2" name="User can login to the website" line="11">
<kw name="Login" library="Amazon_Keywords">
<kw name="Go To" library="SeleniumLibrary">
<arg>https://www.saucedemo.com/</arg>
<doc>Navigates the current browser window to the provided ``url``.</doc>
<msg timestamp="20230905 18:47:45.557" level="INFO">Opening url 'https://www.saucedemo.com/'</msg>
<status status="PASS" starttime="20230905 18:47:45.557" endtime="20230905 18:47:49.939"/>
</kw>
<kw name="Input Text" library="SeleniumLibrary">
<arg>user-name</arg>
<arg>standard_user</arg>
<doc>Types the given ``text`` into the text field identified by ``locator``.</doc>
<msg timestamp="20230905 18:47:49.939" level="INFO">Typing text 'standard_user' into text field 'user-name'.</msg>
<status status="PASS" starttime="20230905 18:47:49.939" endtime="20230905 18:47:50.108"/>
</kw>
<kw name="Input Text" library="SeleniumLibrary">
<arg>password</arg>
<arg>secret_sauce</arg>
<doc>Types the given ``text`` into the text field identified by ``locator``.</doc>
<msg timestamp="20230905 18:47:50.108" level="INFO">Typing text 'secret_sauce' into text field 'password'.</msg>
<status status="PASS" starttime="20230905 18:47:50.108" endtime="20230905 18:47:50.226"/>
</kw>
<kw name="Click Element" library="SeleniumLibrary">
<arg>login-button</arg>
<doc>Click the element identified by ``locator``.</doc>
<msg timestamp="20230905 18:47:50.226" level="INFO">Clicking element 'login-button'.</msg>
<status status="PASS" starttime="20230905 18:47:50.226" endtime="20230905 18:47:50.352"/>
</kw>
<kw name="Wait Until Page Contains" library="SeleniumLibrary">
<arg>Swag Labs</arg>
<doc>Waits until ``text`` appears on the current page.</doc>
<status status="PASS" starttime="20230905 18:47:50.352" endtime="20230905 18:47:50.373"/>
</kw>
<kw name="Sleep" library="BuiltIn">
<arg>3seconds</arg>
<doc>Pauses the test executed for the given time.</doc>
<msg timestamp="20230905 18:47:53.380" level="INFO">Slept 3 seconds</msg>
<status status="PASS" starttime="20230905 18:47:50.373" endtime="20230905 18:47:53.380"/>
</kw>
<status status="PASS" starttime="20230905 18:47:45.557" endtime="20230905 18:47:53.380"/>
</kw>
<status status="PASS" starttime="20230905 18:47:45.557" endtime="20230905 18:47:53.380"/>
</test>
<test id="s1-t3" name="User can add products to the Product" line="14">
<kw name="Add Product to Cart" library="Amazon_Keywords">
<kw name="Click Button" library="SeleniumLibrary">
<arg>add-to-cart-sauce-labs-backpack</arg>
<doc>Clicks the button identified by ``locator``.</doc>
<msg timestamp="20230905 18:47:53.380" level="INFO">Clicking button 'add-to-cart-sauce-labs-backpack'.</msg>
<status status="PASS" starttime="20230905 18:47:53.380" endtime="20230905 18:47:53.468"/>
</kw>
<kw name="Click Button" library="SeleniumLibrary">
<arg>add-to-cart-sauce-labs-fleece-jacket</arg>
<doc>Clicks the button identified by ``locator``.</doc>
<msg timestamp="20230905 18:47:53.468" level="INFO">Clicking button 'add-to-cart-sauce-labs-fleece-jacket'.</msg>
<status status="PASS" starttime="20230905 18:47:53.468" endtime="20230905 18:47:53.542"/>
</kw>
<kw name="Wait Until Page Contains" library="SeleniumLibrary">
<arg>Remove</arg>
<doc>Waits until ``text`` appears on the current page.</doc>
<status status="PASS" starttime="20230905 18:47:53.542" endtime="20230905 18:47:53.556"/>
</kw>
<kw name="Sleep" library="BuiltIn">
<arg>3seconds</arg>
<doc>Pauses the test executed for the given time.</doc>
<msg timestamp="20230905 18:47:56.566" level="INFO">Slept 3 seconds</msg>
<status status="PASS" starttime="20230905 18:47:53.556" endtime="20230905 18:47:56.566"/>
</kw>
<status status="PASS" starttime="20230905 18:47:53.380" endtime="20230905 18:47:56.566"/>
</kw>
<status status="PASS" starttime="20230905 18:47:53.380" endtime="20230905 18:47:56.566"/>
</test>
<test id="s1-t4" name="User can check the Product" line="17">
<kw name="Begin Checkout" library="Amazon_Keywords">
<kw name="Click Element" library="SeleniumLibrary">
<arg>css=.shopping_cart_link</arg>
<doc>Click the element identified by ``locator``.</doc>
<msg timestamp="20230905 18:47:56.566" level="INFO">Clicking element 'css=.shopping_cart_link'.</msg>
<status status="PASS" starttime="20230905 18:47:56.566" endtime="20230905 18:47:56.652"/>
</kw>
<kw name="Sleep" library="BuiltIn">
<arg>2seconds</arg>
<doc>Pauses the test executed for the given time.</doc>
<msg timestamp="20230905 18:47:58.657" level="INFO">Slept 2 seconds</msg>
<status status="PASS" starttime="20230905 18:47:56.652" endtime="20230905 18:47:58.657"/>
</kw>
<kw name="Click Button" library="SeleniumLibrary">
<arg>checkout</arg>
<doc>Clicks the button identified by ``locator``.</doc>
<msg timestamp="20230905 18:47:58.657" level="INFO">Clicking button 'checkout'.</msg>
<status status="PASS" starttime="20230905 18:47:58.657" endtime="20230905 18:47:58.778"/>
</kw>
<kw name="Sleep" library="BuiltIn">
<arg>3seconds</arg>
<doc>Pauses the test executed for the given time.</doc>
<msg timestamp="20230905 18:48:01.792" level="INFO">Slept 3 seconds</msg>
<status status="PASS" starttime="20230905 18:47:58.778" endtime="20230905 18:48:01.792"/>
</kw>
<status status="PASS" starttime="20230905 18:47:56.566" endtime="20230905 18:48:01.792"/>
</kw>
<status status="PASS" starttime="20230905 18:47:56.566" endtime="20230905 18:48:01.792"/>
</test>
<test id="s1-t5" name="User can fill their address" line="20">
<kw name="Checkout- Your Information" library="Amazon_Keywords">
<kw name="Input Text" library="SeleniumLibrary">
<arg>first-name</arg>
<arg>Amit</arg>
<doc>Types the given ``text`` into the text field identified by ``locator``.</doc>
<msg timestamp="20230905 18:48:01.807" level="INFO">Typing text 'Amit' into text field 'first-name'.</msg>
<status status="PASS" starttime="20230905 18:48:01.807" endtime="20230905 18:48:01.933"/>
</kw>
<kw name="Input Text" library="SeleniumLibrary">
<arg>last-name</arg>
<arg>Kumar</arg>
<doc>Types the given ``text`` into the text field identified by ``locator``.</doc>
<msg timestamp="20230905 18:48:01.933" level="INFO">Typing text 'Kumar' into text field 'last-name'.</msg>
<status status="PASS" starttime="20230905 18:48:01.933" endtime="20230905 18:48:02.051"/>
</kw>
<kw name="Input Text" library="SeleniumLibrary">
<arg>postal-code</arg>
<arg>852369</arg>
<doc>Types the given ``text`` into the text field identified by ``locator``.</doc>
<msg timestamp="20230905 18:48:02.052" level="INFO">Typing text '852369' into text field 'postal-code'.</msg>
<status status="PASS" starttime="20230905 18:48:02.051" endtime="20230905 18:48:02.195"/>
</kw>
<kw name="Click Element" library="SeleniumLibrary">
<arg>continue</arg>
<doc>Click the element identified by ``locator``.</doc>
<msg timestamp="20230905 18:48:02.195" level="INFO">Clicking element 'continue'.</msg>
<status status="PASS" starttime="20230905 18:48:02.195" endtime="20230905 18:48:02.283"/>
</kw>
<kw name="Sleep" library="BuiltIn">
<arg>4seconds</arg>
<doc>Pauses the test executed for the given time.</doc>
<msg timestamp="20230905 18:48:06.292" level="INFO">Slept 4 seconds</msg>
<status status="PASS" starttime="20230905 18:48:02.283" endtime="20230905 18:48:06.293"/>
</kw>
<status status="PASS" starttime="20230905 18:48:01.807" endtime="20230905 18:48:06.293"/>
</kw>
<status status="PASS" starttime="20230905 18:48:01.800" endtime="20230905 18:48:06.293"/>
</test>
<test id="s1-t6" name="User can the Purchase Summary" line="23">
<kw name="Checkout- Overview" library="Amazon_Keywords">
<kw name="Click Button" library="SeleniumLibrary">
<arg>finish</arg>
<doc>Clicks the button identified by ``locator``.</doc>
<msg timestamp="20230905 18:48:06.308" level="INFO">Clicking button 'finish'.</msg>
<status status="PASS" starttime="20230905 18:48:06.308" endtime="20230905 18:48:06.462"/>
</kw>
<status status="PASS" starttime="20230905 18:48:06.300" endtime="20230905 18:48:06.462"/>
</kw>
<status status="PASS" starttime="20230905 18:48:06.300" endtime="20230905 18:48:06.462"/>
</test>
<test id="s1-t7" name="Order Summary" line="27">
<kw name="Checkout- Complete" library="Amazon_Keywords">
<kw name="Page Should Contain" library="SeleniumLibrary">
<arg>Thank you for your order!</arg>
<doc>Verifies that current page contains ``text``.</doc>
<msg timestamp="20230905 18:48:06.494" level="INFO">Current page contains text 'Thank you for your order!'.</msg>
<status status="PASS" starttime="20230905 18:48:06.470" endtime="20230905 18:48:06.494"/>
</kw>
<status status="PASS" starttime="20230905 18:48:06.470" endtime="20230905 18:48:06.494"/>
</kw>
<status status="PASS" starttime="20230905 18:48:06.470" endtime="20230905 18:48:06.494"/>
</test>
<test id="s1-t8" name="Close My Browser" line="30">
<kw name="Close My Browser" library="Amazon_Keywords">
<kw name="Log" library="BuiltIn">
<arg>temp</arg>
<doc>Logs the given message with the given level.</doc>
<msg timestamp="20230905 18:48:06.502" level="INFO">temp</msg>
<status status="PASS" starttime="20230905 18:48:06.502" endtime="20230905 18:48:06.502"/>
</kw>
<status status="PASS" starttime="20230905 18:48:06.494" endtime="20230905 18:48:06.502"/>
</kw>
<status status="PASS" starttime="20230905 18:48:06.494" endtime="20230905 18:48:06.502"/>
</test>
<status status="PASS" starttime="20230905 18:47:39.945" endtime="20230905 18:48:06.502"/>
</suite>
<statistics>
<total>
<stat pass="8" fail="0" skip="0">All Tests</stat>
</total>
<tag>
</tag>
<suite>
<stat pass="8" fail="0" skip="0" id="s1" name="Amazon">Amazon</stat>
</suite>
</statistics>
<errors>
</errors>
</robot>
